[debug] [2021-06-08T18:12:18.414Z] ----------------------------------------------------------------------
[debug] [2021-06-08T18:12:18.415Z] Command:       C:\Program Files\nodejs\node.exe C:\Users\aly_s\AppData\Roaming\npm\node_modules\firebase-tools\lib\bin\firebase.js init
[debug] [2021-06-08T18:12:18.416Z] CLI Version:   9.6.0
[debug] [2021-06-08T18:12:18.416Z] Platform:      win32
[debug] [2021-06-08T18:12:18.416Z] Node Version:  v12.16.3
[debug] [2021-06-08T18:12:18.417Z] Time:          Tue Jun 08 2021 20:12:18 GMT+0200 (Eastern European Standard Time)
[debug] [2021-06-08T18:12:18.417Z] ----------------------------------------------------------------------
[debug] [2021-06-08T18:12:18.417Z] 
[debug] [2021-06-08T18:12:18.423Z] > command requires scopes: ["email","openid","https://www.googleapis.com/auth/cloudplatformprojects.readonly","https://www.googleapis.com/auth/firebase","https://www.googleapis.com/auth/cloud-platform"]
[debug] [2021-06-08T18:12:18.424Z] > authorizing via signed-in user
[info] 
     ######## #### ########  ######## ########     ###     ######  ########
     ##        ##  ##     ## ##       ##     ##  ##   ##  ##       ##
     ######    ##  ########  ######   ########  #########  ######  ######
     ##        ##  ##    ##  ##       ##     ## ##     ##       ## ##
     ##       #### ##     ## ######## ########  ##     ##  ######  ########

You're about to initialize a Firebase project in this directory:

  C:\Ali\Development\Web\Portfolio\reactPortfolio\portfolio

Before we get started, keep in mind:

  * You are currently outside your home directory

[info] 
=== Project Setup
[info] 
[info] First, let's associate this project directory with a Firebase project.
[info] You can create multiple project aliases by running firebase use --add, 
[info] but for now we'll just set up a default project.
[info] 
[info] i  If you want to create a project in a Google Cloud organization or folder, please use "firebase projects:create" instead, and return to this command when you've created the project. 
[debug] [2021-06-08T18:12:40.343Z] > refreshing access token with scopes: ["email","https://www.googleapis.com/auth/cloud-platform","https://www.googleapis.com/auth/cloudplatformprojects.readonly","https://www.googleapis.com/auth/firebase","openid"]
[debug] [2021-06-08T18:12:40.343Z] >>> HTTP REQUEST POST https://www.googleapis.com/oauth2/v3/token  
 <request body omitted>
[debug] [2021-06-08T18:12:40.592Z] <<< HTTP RESPONSE 200 {"pragma":"no-cache","cache-control":"no-cache, no-store, max-age=0, must-revalidate","expires":"Mon, 01 Jan 1990 00:00:00 GMT","date":"Tue, 08 Jun 2021 18:12:40 GMT","content-type":"application/json; charset=utf-8","vary":"X-Origin, Referer, Origin,Accept-Encoding","server":"scaffolding on HTTPServer2","x-xss-protection":"0","x-frame-options":"SAMEORIGIN","x-content-type-options":"nosniff","alt-svc":"h3-29=\":443\"; ma=2592000,h3-T051=\":443\"; ma=2592000,h3-Q050=\":443\"; ma=2592000,h3-Q046=\":443\"; ma=2592000,h3-Q043=\":443\"; ma=2592000,quic=\":443\"; ma=2592000; v=\"46,43\"","accept-ranges":"none","transfer-encoding":"chunked"}
[debug] [2021-06-08T18:12:40.597Z] >>> HTTP REQUEST POST https://cloudresourcemanager.googleapis.com/v1/projects  
 {"projectId":"aliportfolio","name":"aliportfolio"}
[debug] [2021-06-08T18:12:41.559Z] <<< HTTP RESPONSE 409 {"vary":"X-Origin, Referer, Origin,Accept-Encoding","content-type":"application/json; charset=UTF-8","date":"Tue, 08 Jun 2021 18:12:41 GMT","server":"ESF","cache-control":"private","x-xss-protection":"0","x-frame-options":"SAMEORIGIN","x-content-type-options":"nosniff","server-timing":"gfet4t7; dur=738","alt-svc":"h3=\":443\"; ma=2592000,h3-29=\":443\"; ma=2592000,h3-T051=\":443\"; ma=2592000,h3-Q050=\":443\"; ma=2592000,h3-Q046=\":443\"; ma=2592000,h3-Q043=\":443\"; ma=2592000,quic=\":443\"; ma=2592000; v=\"46,43\"","accept-ranges":"none","transfer-encoding":"chunked"}
[debug] [2021-06-08T18:12:41.559Z] <<< HTTP RESPONSE BODY {"error":{"code":409,"message":"Requested entity already exists","status":"ALREADY_EXISTS"}}
[debug] [2021-06-08T18:12:41.773Z] FirebaseError: HTTP Error: 409, Requested entity already exists
    at module.exports (C:\Users\aly_s\AppData\Roaming\npm\node_modules\firebase-tools\lib\responseToError.js:38:12)
    at Request._callback (C:\Users\aly_s\AppData\Roaming\npm\node_modules\firebase-tools\lib\api.js:41:35)
    at Request.self.callback (C:\Users\aly_s\AppData\Roaming\npm\node_modules\firebase-tools\node_modules\request\request.js:185:22)
    at Request.emit (events.js:310:20)
    at Request.EventEmitter.emit (domain.js:482:12)
    at Request.<anonymous> (C:\Users\aly_s\AppData\Roaming\npm\node_modules\firebase-tools\node_modules\request\request.js:1154:10)
    at Request.emit (events.js:310:20)
    at Request.EventEmitter.emit (domain.js:482:12)
    at IncomingMessage.<anonymous> (C:\Users\aly_s\AppData\Roaming\npm\node_modules\firebase-tools\node_modules\request\request.js:1076:12)
    at Object.onceWrapper (events.js:416:28)
    at IncomingMessage.emit (events.js:322:22)
    at IncomingMessage.EventEmitter.emit (domain.js:482:12)
    at endReadableNT (_stream_readable.js:1187:12)
    at processTicksAndRejections (internal/process/task_queues.js:84:21)
[error] 
[error] Error: Failed to create project because there is already a project with ID aliportfolio. Please try again with a unique project ID.
[debug] [2021-06-08T18:12:55.860Z] ----------------------------------------------------------------------
[debug] [2021-06-08T18:12:55.862Z] Command:       C:\Program Files\nodejs\node.exe C:\Users\aly_s\AppData\Roaming\npm\node_modules\firebase-tools\lib\bin\firebase.js init
[debug] [2021-06-08T18:12:55.862Z] CLI Version:   9.6.0
[debug] [2021-06-08T18:12:55.862Z] Platform:      win32
[debug] [2021-06-08T18:12:55.862Z] Node Version:  v12.16.3
[debug] [2021-06-08T18:12:55.863Z] Time:          Tue Jun 08 2021 20:12:55 GMT+0200 (Eastern European Standard Time)
[debug] [2021-06-08T18:12:55.863Z] ----------------------------------------------------------------------
[debug] [2021-06-08T18:12:55.863Z] 
[debug] [2021-06-08T18:12:55.868Z] > command requires scopes: ["email","openid","https://www.googleapis.com/auth/cloudplatformprojects.readonly","https://www.googleapis.com/auth/firebase","https://www.googleapis.com/auth/cloud-platform"]
[debug] [2021-06-08T18:12:55.869Z] > authorizing via signed-in user
[info] 
     ######## #### ########  ######## ########     ###     ######  ########
     ##        ##  ##     ## ##       ##     ##  ##   ##  ##       ##
     ######    ##  ########  ######   ########  #########  ######  ######
     ##        ##  ##    ##  ##       ##     ## ##     ##       ## ##
     ##       #### ##     ## ######## ########  ##     ##  ######  ########

You're about to initialize a Firebase project in this directory:

  C:\Ali\Development\Web\Portfolio\reactPortfolio\portfolio

Before we get started, keep in mind:

  * You are currently outside your home directory

[info] 
=== Project Setup
[info] 
[info] First, let's associate this project directory with a Firebase project.
[info] You can create multiple project aliases by running firebase use --add, 
[info] but for now we'll just set up a default project.
[info] 
[info] i  If you want to create a project in a Google Cloud organization or folder, please use "firebase projects:create" instead, and return to this command when you've created the project. 
[debug] [2021-06-08T18:13:13.928Z] ----------------------------------------------------------------------
[debug] [2021-06-08T18:13:13.930Z] Command:       C:\Program Files\nodejs\node.exe C:\Users\aly_s\AppData\Roaming\npm\node_modules\firebase-tools\lib\bin\firebase.js init
[debug] [2021-06-08T18:13:13.930Z] CLI Version:   9.6.0
[debug] [2021-06-08T18:13:13.930Z] Platform:      win32
[debug] [2021-06-08T18:13:13.930Z] Node Version:  v12.16.3
[debug] [2021-06-08T18:13:13.931Z] Time:          Tue Jun 08 2021 20:13:13 GMT+0200 (Eastern European Standard Time)
[debug] [2021-06-08T18:13:13.931Z] ----------------------------------------------------------------------
[debug] [2021-06-08T18:13:13.931Z] 
[debug] [2021-06-08T18:13:13.936Z] > command requires scopes: ["email","openid","https://www.googleapis.com/auth/cloudplatformprojects.readonly","https://www.googleapis.com/auth/firebase","https://www.googleapis.com/auth/cloud-platform"]
[debug] [2021-06-08T18:13:13.937Z] > authorizing via signed-in user
[info] 
     ######## #### ########  ######## ########     ###     ######  ########
     ##        ##  ##     ## ##       ##     ##  ##   ##  ##       ##
     ######    ##  ########  ######   ########  #########  ######  ######
     ##        ##  ##    ##  ##       ##     ## ##     ##       ## ##
     ##       #### ##     ## ######## ########  ##     ##  ######  ########

You're about to initialize a Firebase project in this directory:

  C:\Ali\Development\Web\Portfolio\reactPortfolio\portfolio

Before we get started, keep in mind:

  * You are currently outside your home directory

[info] 
=== Project Setup
[info] 
[info] First, let's associate this project directory with a Firebase project.
[info] You can create multiple project aliases by running firebase use --add, 
[info] but for now we'll just set up a default project.
[info] 
[info] i  If you want to create a project in a Google Cloud organization or folder, please use "firebase projects:create" instead, and return to this command when you've created the project. 
[debug] [2021-06-08T18:13:30.007Z] >>> HTTP REQUEST POST https://cloudresourcemanager.googleapis.com/v1/projects  
 {"projectId":"aliportfolio","name":"aliportfolio"}
[debug] [2021-06-08T18:13:31.004Z] <<< HTTP RESPONSE 409 {"vary":"X-Origin, Referer, Origin,Accept-Encoding","content-type":"application/json; charset=UTF-8","date":"Tue, 08 Jun 2021 18:13:31 GMT","server":"ESF","cache-control":"private","x-xss-protection":"0","x-frame-options":"SAMEORIGIN","x-content-type-options":"nosniff","server-timing":"gfet4t7; dur=807","alt-svc":"h3=\":443\"; ma=2592000,h3-29=\":443\"; ma=2592000,h3-T051=\":443\"; ma=2592000,h3-Q050=\":443\"; ma=2592000,h3-Q046=\":443\"; ma=2592000,h3-Q043=\":443\"; ma=2592000,quic=\":443\"; ma=2592000; v=\"46,43\"","accept-ranges":"none","transfer-encoding":"chunked"}
[debug] [2021-06-08T18:13:31.004Z] <<< HTTP RESPONSE BODY {"error":{"code":409,"message":"Requested entity already exists","status":"ALREADY_EXISTS"}}
[debug] [2021-06-08T18:13:31.195Z] FirebaseError: HTTP Error: 409, Requested entity already exists
    at module.exports (C:\Users\aly_s\AppData\Roaming\npm\node_modules\firebase-tools\lib\responseToError.js:38:12)
    at Request._callback (C:\Users\aly_s\AppData\Roaming\npm\node_modules\firebase-tools\lib\api.js:41:35)
    at Request.self.callback (C:\Users\aly_s\AppData\Roaming\npm\node_modules\firebase-tools\node_modules\request\request.js:185:22)
    at Request.emit (events.js:310:20)
    at Request.EventEmitter.emit (domain.js:482:12)
    at Request.<anonymous> (C:\Users\aly_s\AppData\Roaming\npm\node_modules\firebase-tools\node_modules\request\request.js:1154:10)
    at Request.emit (events.js:310:20)
    at Request.EventEmitter.emit (domain.js:482:12)
    at IncomingMessage.<anonymous> (C:\Users\aly_s\AppData\Roaming\npm\node_modules\firebase-tools\node_modules\request\request.js:1076:12)
    at Object.onceWrapper (events.js:416:28)
    at IncomingMessage.emit (events.js:322:22)
    at IncomingMessage.EventEmitter.emit (domain.js:482:12)
    at endReadableNT (_stream_readable.js:1187:12)
    at processTicksAndRejections (internal/process/task_queues.js:84:21)
[error] 
[error] Error: Failed to create project because there is already a project with ID aliportfolio. Please try again with a unique project ID.
[debug] [2021-06-08T18:13:41.395Z] ----------------------------------------------------------------------
[debug] [2021-06-08T18:13:41.397Z] Command:       C:\Program Files\nodejs\node.exe C:\Users\aly_s\AppData\Roaming\npm\node_modules\firebase-tools\lib\bin\firebase.js init
[debug] [2021-06-08T18:13:41.397Z] CLI Version:   9.6.0
[debug] [2021-06-08T18:13:41.397Z] Platform:      win32
[debug] [2021-06-08T18:13:41.397Z] Node Version:  v12.16.3
[debug] [2021-06-08T18:13:41.398Z] Time:          Tue Jun 08 2021 20:13:41 GMT+0200 (Eastern European Standard Time)
[debug] [2021-06-08T18:13:41.398Z] ----------------------------------------------------------------------
[debug] [2021-06-08T18:13:41.398Z] 
[debug] [2021-06-08T18:13:41.405Z] > command requires scopes: ["email","openid","https://www.googleapis.com/auth/cloudplatformprojects.readonly","https://www.googleapis.com/auth/firebase","https://www.googleapis.com/auth/cloud-platform"]
[debug] [2021-06-08T18:13:41.405Z] > authorizing via signed-in user
[info] 
     ######## #### ########  ######## ########     ###     ######  ########
     ##        ##  ##     ## ##       ##     ##  ##   ##  ##       ##
     ######    ##  ########  ######   ########  #########  ######  ######
     ##        ##  ##    ##  ##       ##     ## ##     ##       ## ##
     ##       #### ##     ## ######## ########  ##     ##  ######  ########

You're about to initialize a Firebase project in this directory:

  C:\Ali\Development\Web\Portfolio\reactPortfolio\portfolio

Before we get started, keep in mind:

  * You are currently outside your home directory

[info] 
=== Project Setup
[info] 
[info] First, let's associate this project directory with a Firebase project.
[info] You can create multiple project aliases by running firebase use --add, 
[info] but for now we'll just set up a default project.
[info] 
[info] i  If you want to create a project in a Google Cloud organization or folder, please use "firebase projects:create" instead, and return to this command when you've created the project. 
[debug] [2021-06-08T18:14:13.434Z] >>> HTTP REQUEST POST https://cloudresourcemanager.googleapis.com/v1/projects  
 {"projectId":"aliportfolio","name":"aliportfolio"}
[debug] [2021-06-08T18:14:14.328Z] <<< HTTP RESPONSE 409 {"vary":"X-Origin, Referer, Origin,Accept-Encoding","content-type":"application/json; charset=UTF-8","date":"Tue, 08 Jun 2021 18:14:14 GMT","server":"ESF","cache-control":"private","x-xss-protection":"0","x-frame-options":"SAMEORIGIN","x-content-type-options":"nosniff","server-timing":"gfet4t7; dur=698","alt-svc":"h3=\":443\"; ma=2592000,h3-29=\":443\"; ma=2592000,h3-T051=\":443\"; ma=2592000,h3-Q050=\":443\"; ma=2592000,h3-Q046=\":443\"; ma=2592000,h3-Q043=\":443\"; ma=2592000,quic=\":443\"; ma=2592000; v=\"46,43\"","accept-ranges":"none","transfer-encoding":"chunked"}
[debug] [2021-06-08T18:14:14.328Z] <<< HTTP RESPONSE BODY {"error":{"code":409,"message":"Requested entity already exists","status":"ALREADY_EXISTS"}}
[debug] [2021-06-08T18:14:14.522Z] FirebaseError: HTTP Error: 409, Requested entity already exists
    at module.exports (C:\Users\aly_s\AppData\Roaming\npm\node_modules\firebase-tools\lib\responseToError.js:38:12)
    at Request._callback (C:\Users\aly_s\AppData\Roaming\npm\node_modules\firebase-tools\lib\api.js:41:35)
    at Request.self.callback (C:\Users\aly_s\AppData\Roaming\npm\node_modules\firebase-tools\node_modules\request\request.js:185:22)
    at Request.emit (events.js:310:20)
    at Request.EventEmitter.emit (domain.js:482:12)
    at Request.<anonymous> (C:\Users\aly_s\AppData\Roaming\npm\node_modules\firebase-tools\node_modules\request\request.js:1154:10)
    at Request.emit (events.js:310:20)
    at Request.EventEmitter.emit (domain.js:482:12)
    at IncomingMessage.<anonymous> (C:\Users\aly_s\AppData\Roaming\npm\node_modules\firebase-tools\node_modules\request\request.js:1076:12)
    at Object.onceWrapper (events.js:416:28)
    at IncomingMessage.emit (events.js:322:22)
    at IncomingMessage.EventEmitter.emit (domain.js:482:12)
    at endReadableNT (_stream_readable.js:1187:12)
    at processTicksAndRejections (internal/process/task_queues.js:84:21)
[error] 
[error] Error: Failed to create project because there is already a project with ID aliportfolio. Please try again with a unique project ID.
[debug] [2021-06-08T18:14:18.160Z] ----------------------------------------------------------------------
[debug] [2021-06-08T18:14:18.162Z] Command:       C:\Program Files\nodejs\node.exe C:\Users\aly_s\AppData\Roaming\npm\node_modules\firebase-tools\lib\bin\firebase.js init
[debug] [2021-06-08T18:14:18.162Z] CLI Version:   9.6.0
[debug] [2021-06-08T18:14:18.162Z] Platform:      win32
[debug] [2021-06-08T18:14:18.162Z] Node Version:  v12.16.3
[debug] [2021-06-08T18:14:18.163Z] Time:          Tue Jun 08 2021 20:14:18 GMT+0200 (Eastern European Standard Time)
[debug] [2021-06-08T18:14:18.163Z] ----------------------------------------------------------------------
[debug] [2021-06-08T18:14:18.163Z] 
[debug] [2021-06-08T18:14:18.169Z] > command requires scopes: ["email","openid","https://www.googleapis.com/auth/cloudplatformprojects.readonly","https://www.googleapis.com/auth/firebase","https://www.googleapis.com/auth/cloud-platform"]
[debug] [2021-06-08T18:14:18.170Z] > authorizing via signed-in user
[info] 
     ######## #### ########  ######## ########     ###     ######  ########
     ##        ##  ##     ## ##       ##     ##  ##   ##  ##       ##
     ######    ##  ########  ######   ########  #########  ######  ######
     ##        ##  ##    ##  ##       ##     ## ##     ##       ## ##
     ##       #### ##     ## ######## ########  ##     ##  ######  ########

You're about to initialize a Firebase project in this directory:

  C:\Ali\Development\Web\Portfolio\reactPortfolio\portfolio

Before we get started, keep in mind:

  * You are currently outside your home directory

[info] 
=== Project Setup
[info] 
[info] First, let's associate this project directory with a Firebase project.
[info] You can create multiple project aliases by running firebase use --add, 
[info] but for now we'll just set up a default project.
[info] 
[info] i  If you want to create a project in a Google Cloud organization or folder, please use "firebase projects:create" instead, and return to this command when you've created the project. 
[debug] [2021-06-08T18:14:42.001Z] >>> HTTP REQUEST POST https://cloudresourcemanager.googleapis.com/v1/projects  
 {"projectId":"ali'sworld","name":"ali'sworld"}
[debug] [2021-06-08T18:14:42.889Z] <<< HTTP RESPONSE 400 {"vary":"X-Origin, Referer, Origin,Accept-Encoding","content-type":"application/json; charset=UTF-8","date":"Tue, 08 Jun 2021 18:14:42 GMT","server":"ESF","cache-control":"private","x-xss-protection":"0","x-frame-options":"SAMEORIGIN","x-content-type-options":"nosniff","server-timing":"gfet4t7; dur=596","alt-svc":"h3=\":443\"; ma=2592000,h3-29=\":443\"; ma=2592000,h3-T051=\":443\"; ma=2592000,h3-Q050=\":443\"; ma=2592000,h3-Q046=\":443\"; ma=2592000,h3-Q043=\":443\"; ma=2592000,quic=\":443\"; ma=2592000; v=\"46,43\"","accept-ranges":"none","transfer-encoding":"chunked"}
[debug] [2021-06-08T18:14:42.890Z] <<< HTTP RESPONSE BODY {"error":{"code":400,"message":"field [project_id] has issue [project_id contains invalid characters]","status":"INVALID_ARGUMENT","details":[{"@type":"type.googleapis.com/google.rpc.BadRequest","fieldViolations":[{"field":"project_id","description":"project_id contains invalid characters"}]},{"@type":"type.googleapis.com/google.rpc.Help","links":[{"url":"https://cloud.google.com/resource-manager/reference/rest/v1/projects"}]}]}}
[debug] [2021-06-08T18:14:43.130Z] FirebaseError: HTTP Error: 400, field [project_id] has issue [project_id contains invalid characters]
    at module.exports (C:\Users\aly_s\AppData\Roaming\npm\node_modules\firebase-tools\lib\responseToError.js:38:12)
    at Request._callback (C:\Users\aly_s\AppData\Roaming\npm\node_modules\firebase-tools\lib\api.js:41:35)
    at Request.self.callback (C:\Users\aly_s\AppData\Roaming\npm\node_modules\firebase-tools\node_modules\request\request.js:185:22)
    at Request.emit (events.js:310:20)
    at Request.EventEmitter.emit (domain.js:482:12)
    at Request.<anonymous> (C:\Users\aly_s\AppData\Roaming\npm\node_modules\firebase-tools\node_modules\request\request.js:1154:10)
    at Request.emit (events.js:310:20)
    at Request.EventEmitter.emit (domain.js:482:12)
    at IncomingMessage.<anonymous> (C:\Users\aly_s\AppData\Roaming\npm\node_modules\firebase-tools\node_modules\request\request.js:1076:12)
    at Object.onceWrapper (events.js:416:28)
    at IncomingMessage.emit (events.js:322:22)
    at IncomingMessage.EventEmitter.emit (domain.js:482:12)
    at endReadableNT (_stream_readable.js:1187:12)
    at processTicksAndRejections (internal/process/task_queues.js:84:21)
[error] 
[error] Error: Failed to create project. See firebase-debug.log for more info.
[debug] [2021-06-08T18:14:47.773Z] ----------------------------------------------------------------------
[debug] [2021-06-08T18:14:47.774Z] Command:       C:\Program Files\nodejs\node.exe C:\Users\aly_s\AppData\Roaming\npm\node_modules\firebase-tools\lib\bin\firebase.js init
[debug] [2021-06-08T18:14:47.775Z] CLI Version:   9.6.0
[debug] [2021-06-08T18:14:47.775Z] Platform:      win32
[debug] [2021-06-08T18:14:47.775Z] Node Version:  v12.16.3
[debug] [2021-06-08T18:14:47.775Z] Time:          Tue Jun 08 2021 20:14:47 GMT+0200 (Eastern European Standard Time)
[debug] [2021-06-08T18:14:47.776Z] ----------------------------------------------------------------------
[debug] [2021-06-08T18:14:47.776Z] 
[debug] [2021-06-08T18:14:47.781Z] > command requires scopes: ["email","openid","https://www.googleapis.com/auth/cloudplatformprojects.readonly","https://www.googleapis.com/auth/firebase","https://www.googleapis.com/auth/cloud-platform"]
[debug] [2021-06-08T18:14:47.782Z] > authorizing via signed-in user
[info] 
     ######## #### ########  ######## ########     ###     ######  ########
     ##        ##  ##     ## ##       ##     ##  ##   ##  ##       ##
     ######    ##  ########  ######   ########  #########  ######  ######
     ##        ##  ##    ##  ##       ##     ## ##     ##       ## ##
     ##       #### ##     ## ######## ########  ##     ##  ######  ########

You're about to initialize a Firebase project in this directory:

  C:\Ali\Development\Web\Portfolio\reactPortfolio\portfolio

Before we get started, keep in mind:

  * You are currently outside your home directory

[info] 
=== Project Setup
[info] 
[info] First, let's associate this project directory with a Firebase project.
[info] You can create multiple project aliases by running firebase use --add, 
[info] but for now we'll just set up a default project.
[info] 
[info] i  If you want to create a project in a Google Cloud organization or folder, please use "firebase projects:create" instead, and return to this command when you've created the project. 
[debug] [2021-06-08T18:15:21.894Z] >>> HTTP REQUEST POST https://cloudresourcemanager.googleapis.com/v1/projects  
 {"projectId":"insidealismind","name":"insidealismind"}
[debug] [2021-06-08T18:15:22.984Z] <<< HTTP RESPONSE 200 {"content-type":"application/json; charset=UTF-8","vary":"X-Origin, Referer, Origin,Accept-Encoding","date":"Tue, 08 Jun 2021 18:15:23 GMT","server":"ESF","cache-control":"private","x-xss-protection":"0","x-frame-options":"SAMEORIGIN","x-content-type-options":"nosniff","server-timing":"gfet4t7; dur=886","alt-svc":"h3=\":443\"; ma=2592000,h3-29=\":443\"; ma=2592000,h3-T051=\":443\"; ma=2592000,h3-Q050=\":443\"; ma=2592000,h3-Q046=\":443\"; ma=2592000,h3-Q043=\":443\"; ma=2592000,quic=\":443\"; ma=2592000; v=\"46,43\"","accept-ranges":"none","transfer-encoding":"chunked"}
[debug] [2021-06-08T18:15:22.986Z] > refreshing access token with scopes: []
[debug] [2021-06-08T18:15:22.986Z] >>> HTTP REQUEST POST https://www.googleapis.com/oauth2/v3/token  
 <request body omitted>
[debug] [2021-06-08T18:15:23.196Z] <<< HTTP RESPONSE 200 {"expires":"Mon, 01 Jan 1990 00:00:00 GMT","cache-control":"no-cache, no-store, max-age=0, must-revalidate","date":"Tue, 08 Jun 2021 18:15:23 GMT","pragma":"no-cache","content-type":"application/json; charset=utf-8","vary":"X-Origin, Referer, Origin,Accept-Encoding","server":"scaffolding on HTTPServer2","x-xss-protection":"0","x-frame-options":"SAMEORIGIN","x-content-type-options":"nosniff","alt-svc":"h3=\":443\"; ma=2592000,h3-29=\":443\"; ma=2592000,h3-T051=\":443\"; ma=2592000,h3-Q050=\":443\"; ma=2592000,h3-Q046=\":443\"; ma=2592000,h3-Q043=\":443\"; ma=2592000,quic=\":443\"; ma=2592000; v=\"46,43\"","accept-ranges":"none","transfer-encoding":"chunked"}
[debug] [2021-06-08T18:15:23.201Z] >>> [apiv2][query] GET https://cloudresourcemanager.googleapis.com/v1/operations/cp.8255291955678105634 [none]
[debug] [2021-06-08T18:15:24.250Z] <<< [apiv2][status] GET https://cloudresourcemanager.googleapis.com/v1/operations/cp.8255291955678105634 200
[debug] [2021-06-08T18:15:24.250Z] <<< [apiv2][body] GET https://cloudresourcemanager.googleapis.com/v1/operations/cp.8255291955678105634 {"name":"operations/cp.8255291955678105634"}
[debug] [2021-06-08T18:15:24.753Z] [Project Creation Poller] Retrying task index 0
[debug] [2021-06-08T18:15:24.754Z] >>> [apiv2][query] GET https://cloudresourcemanager.googleapis.com/v1/operations/cp.8255291955678105634 [none]
[debug] [2021-06-08T18:15:25.810Z] <<< [apiv2][status] GET https://cloudresourcemanager.googleapis.com/v1/operations/cp.8255291955678105634 200
[debug] [2021-06-08T18:15:25.810Z] <<< [apiv2][body] GET https://cloudresourcemanager.googleapis.com/v1/operations/cp.8255291955678105634 {"name":"operations/cp.8255291955678105634","metadata":{"@type":"type.googleapis.com/google.cloudresourcemanager.v1.ProjectCreationStatus","gettable":true}}
[debug] [2021-06-08T18:15:26.822Z] [Project Creation Poller] Retrying task index 0
[debug] [2021-06-08T18:15:26.823Z] >>> [apiv2][query] GET https://cloudresourcemanager.googleapis.com/v1/operations/cp.8255291955678105634 [none]
[debug] [2021-06-08T18:15:27.868Z] <<< [apiv2][status] GET https://cloudresourcemanager.googleapis.com/v1/operations/cp.8255291955678105634 200
[debug] [2021-06-08T18:15:27.868Z] <<< [apiv2][body] GET https://cloudresourcemanager.googleapis.com/v1/operations/cp.8255291955678105634 {"name":"operations/cp.8255291955678105634","metadata":{"@type":"type.googleapis.com/google.cloudresourcemanager.v1.ProjectCreationStatus","gettable":true,"ready":true},"done":true,"response":{"@type":"type.googleapis.com/google.cloudresourcemanager.v1.Project","projectNumber":"29994298034","projectId":"insidealismind","lifecycleState":"ACTIVE","name":"insidealismind","createTime":"2021-06-08T18:15:22.860Z"}}
[debug] [2021-06-08T18:15:27.870Z] > refreshing access token with scopes: ["email","https://www.googleapis.com/auth/cloud-platform","https://www.googleapis.com/auth/cloudplatformprojects.readonly","https://www.googleapis.com/auth/firebase","openid"]
[debug] [2021-06-08T18:15:27.870Z] >>> HTTP REQUEST POST https://www.googleapis.com/oauth2/v3/token  
 <request body omitted>
[debug] [2021-06-08T18:15:28.082Z] <<< HTTP RESPONSE 200 {"expires":"Mon, 01 Jan 1990 00:00:00 GMT","cache-control":"no-cache, no-store, max-age=0, must-revalidate","date":"Tue, 08 Jun 2021 18:15:28 GMT","pragma":"no-cache","content-type":"application/json; charset=utf-8","vary":"X-Origin, Referer, Origin,Accept-Encoding","server":"scaffolding on HTTPServer2","x-xss-protection":"0","x-frame-options":"SAMEORIGIN","x-content-type-options":"nosniff","alt-svc":"h3=\":443\"; ma=2592000,h3-29=\":443\"; ma=2592000,h3-T051=\":443\"; ma=2592000,h3-Q050=\":443\"; ma=2592000,h3-Q046=\":443\"; ma=2592000,h3-Q043=\":443\"; ma=2592000,quic=\":443\"; ma=2592000; v=\"46,43\"","accept-ranges":"none","transfer-encoding":"chunked"}
[debug] [2021-06-08T18:15:28.089Z] >>> HTTP REQUEST POST https://firebase.googleapis.com/v1beta1/projects/insidealismind:addFirebase  
 
[debug] [2021-06-08T18:15:31.009Z] <<< HTTP RESPONSE 200 {"content-type":"application/json; charset=UTF-8","vary":"X-Origin, Referer, Origin,Accept-Encoding","date":"Tue, 08 Jun 2021 18:15:31 GMT","server":"ESF","cache-control":"private","x-xss-protection":"0","x-frame-options":"SAMEORIGIN","x-content-type-options":"nosniff","alt-svc":"h3-29=\":443\"; ma=2592000,h3-T051=\":443\"; ma=2592000,h3-Q050=\":443\"; ma=2592000,h3-Q046=\":443\"; ma=2592000,h3-Q043=\":443\"; ma=2592000,quic=\":443\"; ma=2592000; v=\"46,43\"","accept-ranges":"none","transfer-encoding":"chunked"}
[debug] [2021-06-08T18:15:31.009Z] > refreshing access token with scopes: []
[debug] [2021-06-08T18:15:31.009Z] >>> HTTP REQUEST POST https://www.googleapis.com/oauth2/v3/token  
 <request body omitted>
[debug] [2021-06-08T18:15:31.221Z] <<< HTTP RESPONSE 200 {"cache-control":"no-cache, no-store, max-age=0, must-revalidate","date":"Tue, 08 Jun 2021 18:15:31 GMT","pragma":"no-cache","expires":"Mon, 01 Jan 1990 00:00:00 GMT","content-type":"application/json; charset=utf-8","vary":"X-Origin, Referer, Origin,Accept-Encoding","server":"scaffolding on HTTPServer2","x-xss-protection":"0","x-frame-options":"SAMEORIGIN","x-content-type-options":"nosniff","alt-svc":"h3=\":443\"; ma=2592000,h3-29=\":443\"; ma=2592000,h3-T051=\":443\"; ma=2592000,h3-Q050=\":443\"; ma=2592000,h3-Q046=\":443\"; ma=2592000,h3-Q043=\":443\"; ma=2592000,quic=\":443\"; ma=2592000; v=\"46,43\"","accept-ranges":"none","transfer-encoding":"chunked"}
[debug] [2021-06-08T18:15:31.228Z] >>> [apiv2][query] GET https://firebase.googleapis.com/v1beta1/operations/workflows/ZGQ0YjU0OWQtYjJkMC00OTc4LTljMzYtYTAyNTA0NGVlODYz [none]
[debug] [2021-06-08T18:15:31.923Z] <<< [apiv2][status] GET https://firebase.googleapis.com/v1beta1/operations/workflows/ZGQ0YjU0OWQtYjJkMC00OTc4LTljMzYtYTAyNTA0NGVlODYz 200
[debug] [2021-06-08T18:15:31.924Z] <<< [apiv2][body] GET https://firebase.googleapis.com/v1beta1/operations/workflows/ZGQ0YjU0OWQtYjJkMC00OTc4LTljMzYtYTAyNTA0NGVlODYz {"name":"operations/workflows/ZGQ0YjU0OWQtYjJkMC00OTc4LTljMzYtYTAyNTA0NGVlODYz"}
[debug] [2021-06-08T18:15:32.431Z] [Add Firebase Poller] Retrying task index 0
[debug] [2021-06-08T18:15:32.431Z] >>> [apiv2][query] GET https://firebase.googleapis.com/v1beta1/operations/workflows/ZGQ0YjU0OWQtYjJkMC00OTc4LTljMzYtYTAyNTA0NGVlODYz [none]
[debug] [2021-06-08T18:15:33.122Z] <<< [apiv2][status] GET https://firebase.googleapis.com/v1beta1/operations/workflows/ZGQ0YjU0OWQtYjJkMC00OTc4LTljMzYtYTAyNTA0NGVlODYz 200
[debug] [2021-06-08T18:15:33.122Z] <<< [apiv2][body] GET https://firebase.googleapis.com/v1beta1/operations/workflows/ZGQ0YjU0OWQtYjJkMC00OTc4LTljMzYtYTAyNTA0NGVlODYz {"name":"operations/workflows/ZGQ0YjU0OWQtYjJkMC00OTc4LTljMzYtYTAyNTA0NGVlODYz"}
[debug] [2021-06-08T18:15:34.136Z] [Add Firebase Poller] Retrying task index 0
[debug] [2021-06-08T18:15:34.137Z] >>> [apiv2][query] GET https://firebase.googleapis.com/v1beta1/operations/workflows/ZGQ0YjU0OWQtYjJkMC00OTc4LTljMzYtYTAyNTA0NGVlODYz [none]
[debug] [2021-06-08T18:15:35.027Z] <<< [apiv2][status] GET https://firebase.googleapis.com/v1beta1/operations/workflows/ZGQ0YjU0OWQtYjJkMC00OTc4LTljMzYtYTAyNTA0NGVlODYz 200
[debug] [2021-06-08T18:15:35.027Z] <<< [apiv2][body] GET https://firebase.googleapis.com/v1beta1/operations/workflows/ZGQ0YjU0OWQtYjJkMC00OTc4LTljMzYtYTAyNTA0NGVlODYz {"name":"operations/workflows/ZGQ0YjU0OWQtYjJkMC00OTc4LTljMzYtYTAyNTA0NGVlODYz"}
[debug] [2021-06-08T18:15:37.039Z] [Add Firebase Poller] Retrying task index 0
[debug] [2021-06-08T18:15:37.040Z] >>> [apiv2][query] GET https://firebase.googleapis.com/v1beta1/operations/workflows/ZGQ0YjU0OWQtYjJkMC00OTc4LTljMzYtYTAyNTA0NGVlODYz [none]
[debug] [2021-06-08T18:15:37.800Z] <<< [apiv2][status] GET https://firebase.googleapis.com/v1beta1/operations/workflows/ZGQ0YjU0OWQtYjJkMC00OTc4LTljMzYtYTAyNTA0NGVlODYz 200
[debug] [2021-06-08T18:15:37.800Z] <<< [apiv2][body] GET https://firebase.googleapis.com/v1beta1/operations/workflows/ZGQ0YjU0OWQtYjJkMC00OTc4LTljMzYtYTAyNTA0NGVlODYz {"name":"operations/workflows/ZGQ0YjU0OWQtYjJkMC00OTc4LTljMzYtYTAyNTA0NGVlODYz"}
[debug] [2021-06-08T18:15:41.804Z] [Add Firebase Poller] Retrying task index 0
[debug] [2021-06-08T18:15:41.805Z] >>> [apiv2][query] GET https://firebase.googleapis.com/v1beta1/operations/workflows/ZGQ0YjU0OWQtYjJkMC00OTc4LTljMzYtYTAyNTA0NGVlODYz [none]
[debug] [2021-06-08T18:15:42.432Z] <<< [apiv2][status] GET https://firebase.googleapis.com/v1beta1/operations/workflows/ZGQ0YjU0OWQtYjJkMC00OTc4LTljMzYtYTAyNTA0NGVlODYz 200
[debug] [2021-06-08T18:15:42.432Z] <<< [apiv2][body] GET https://firebase.googleapis.com/v1beta1/operations/workflows/ZGQ0YjU0OWQtYjJkMC00OTc4LTljMzYtYTAyNTA0NGVlODYz {"name":"operations/workflows/ZGQ0YjU0OWQtYjJkMC00OTc4LTljMzYtYTAyNTA0NGVlODYz","done":true,"response":{"@type":"type.googleapis.com/google.firebase.service.v1beta1.FirebaseProject","projectId":"insidealismind","projectNumber":"29994298034","displayName":"insidealismind","name":"projects/insidealismind","resources":{"hostingSite":"insidealismind"}}}
[info] 
[info] === Your Firebase project is ready! ===
[info] 
[info] Project information:
[info]    - Project ID: insidealismind
[info]    - Project Name: insidealismind
[info] 
[info] Firebase console is available at
[info] https://console.firebase.google.com/project/insidealismind/overview
[info] i  Using project insidealismind (insidealismind) 
[info] 
=== Hosting Setup
[info] 
[info] Your public directory is the folder (relative to your project directory) that
[info] will contain Hosting assets to be uploaded with firebase deploy. If you
[info] have a build process for your assets, use your build's output directory.
[info] 
[debug] [2021-06-08T18:15:52.574Z] >>> [apiv2][query] GET https://www.gstatic.com/firebasejs/releases.json [none]
[debug] [2021-06-08T18:15:52.765Z] <<< [apiv2][status] GET https://www.gstatic.com/firebasejs/releases.json 200
[debug] [2021-06-08T18:15:52.765Z] <<< [apiv2][body] GET https://www.gstatic.com/firebasejs/releases.json {"current":{"version":"8.6.5","browserURL":"https://www.gstatic.com/firebasejs/8.6.5/firebase.js","packageURL":"https://www.gstatic.com/firebasejs/8.6.5/firebase.tgz"},"live":{"version":"8.6","browserURL":"https://www.gstatic.com/firebasejs/live/8.6/firebase.js","packageURL":"https://www.gstatic.com/firebasejs/live/8.6/firebase.tgz"},"components":{"analytics":"https://www.gstatic.com/firebasejs/8.6.5/firebase-analytics.js","app":"https://www.gstatic.com/firebasejs/8.6.5/firebase-app.js","app-check":"https://www.gstatic.com/firebasejs/8.6.5/firebase-app-check.js","auth":"https://www.gstatic.com/firebasejs/8.6.5/firebase-auth.js","database":"https://www.gstatic.com/firebasejs/8.6.5/firebase-database.js","firestore":"https://www.gstatic.com/firebasejs/8.6.5/firebase-firestore.js","functions":"https://www.gstatic.com/firebasejs/8.6.5/firebase-functions.js","installations":"https://www.gstatic.com/firebasejs/8.6.5/firebase-installations.js","messaging":"https://www.gstatic.com/firebasejs/8.6.5/firebase-messaging.js","storage":"https://www.gstatic.com/firebasejs/8.6.5/firebase-storage.js","performance":"https://www.gstatic.com/firebasejs/8.6.5/firebase-performance.js","remote-config":"https://www.gstatic.com/firebasejs/8.6.5/firebase-remote-config.js","firestore.memory":"https://www.gstatic.com/firebasejs/8.6.5/firebase-firestore.memory.js"}}
[info] +  Wrote y/index.html 
[info] 
[info] i  Detected a .git folder at C:\Ali\Development\Web\Portfolio\reactPortfolio\portfolio 
[info] i  Authorizing with GitHub to upload your service account to a GitHub repository's secrets store. 
[info] 
[info] Visit this URL on this device to log in:
[info] https://github.com/login/oauth/authorize?client_id=89cf50f02ac6aaed3484&state=781171518&redirect_uri=http%3A%2F%2Flocalhost%3A9005&scope=read%3Auser%20repo%20public_repo
[info] 
[info] Waiting for authentication...
[debug] [2021-06-08T18:15:53.827Z] >>> HTTP REQUEST POST https://github.com/login/oauth/access_token  
 {"client_id":"89cf50f02ac6aaed3484","client_secret":"3330d14abc895d9a74d5f17cd7a00711fa2c5bf0","code":"f558bb2dbcd3db6de626","redirect_uri":"http://localhost:9005","state":"781171518"}
[debug] [2021-06-08T18:15:54.152Z] <<< HTTP RESPONSE 200 {"server":"GitHub.com","date":"Tue, 08 Jun 2021 18:15:54 GMT","content-type":"application/json; charset=utf-8","transfer-encoding":"chunked","vary":"X-PJAX, Accept-Encoding, Accept, X-Requested-With","permissions-policy":"interest-cohort=()","etag":"W/\"203c8ae12b4902c1182f15127d34d389\"","cache-control":"max-age=0, private, must-revalidate","strict-transport-security":"max-age=31536000; includeSubdomains; preload","x-frame-options":"deny","x-content-type-options":"nosniff","x-xss-protection":"0","referrer-policy":"origin-when-cross-origin, strict-origin-when-cross-origin","expect-ct":"max-age=2592000, report-uri=\"https://api.github.com/_private/browser/errors\"","content-security-policy":"default-src 'none'; base-uri 'self'; block-all-mixed-content; connect-src 'self' uploads.github.com www.githubstatus.com collector.githubapp.com api.github.com github-cloud.s3.amazonaws.com github-production-repository-file-5c1aeb.s3.amazonaws.com github-production-upload-manifest-file-7fdce7.s3.amazonaws.com github-production-user-asset-6210df.s3.amazonaws.com html-translator.herokuapp.com cdn.optimizely.com logx.optimizely.com/v1/events wss://alive.github.com; font-src github.githubassets.com; form-action 'self' github.com gist.github.com; frame-ancestors 'none'; frame-src render.githubusercontent.com; img-src 'self' data: github.githubassets.com identicons.github.com collector.githubapp.com github-cloud.s3.amazonaws.com secured-user-images.githubusercontent.com/ *.githubusercontent.com; manifest-src 'self'; media-src 'none'; script-src github.githubassets.com; style-src 'unsafe-inline' github.githubassets.com; worker-src github.com/socket-worker-3f088aa2.js gist.github.com/socket-worker-3f088aa2.js","x-github-request-id":"ED1A:11215:3FDE86:4137E4:60BFB3DA"}
[debug] [2021-06-08T18:15:54.154Z] >>> [apiv2][query] GET https://api.github.com/user [none]
[debug] [2021-06-08T18:15:54.542Z] <<< [apiv2][status] GET https://api.github.com/user 200
[debug] [2021-06-08T18:15:54.542Z] <<< [apiv2][body] GET https://api.github.com/user {"login":"alisadek","id":46340800,"node_id":"MDQ6VXNlcjQ2MzQwODAw","avatar_url":"https://avatars.githubusercontent.com/u/46340800?v=4","gravatar_id":"","url":"https://api.github.com/users/alisadek","html_url":"https://github.com/alisadek","followers_url":"https://api.github.com/users/alisadek/followers","following_url":"https://api.github.com/users/alisadek/following{/other_user}","gists_url":"https://api.github.com/users/alisadek/gists{/gist_id}","starred_url":"https://api.github.com/users/alisadek/starred{/owner}{/repo}","subscriptions_url":"https://api.github.com/users/alisadek/subscriptions","organizations_url":"https://api.github.com/users/alisadek/orgs","repos_url":"https://api.github.com/users/alisadek/repos","events_url":"https://api.github.com/users/alisadek/events{/privacy}","received_events_url":"https://api.github.com/users/alisadek/received_events","type":"User","site_admin":false,"name":"Ali Sadek","company":null,"blog":"alisadek.github.io/portfolio","location":"Cairo, Egypt","email":null,"hireable":null,"bio":"A Software Engineer, living in Cairo, Egypt","twitter_username":null,"public_repos":16,"public_gists":0,"followers":0,"following":0,"created_at":"2019-01-03T08:00:27Z","updated_at":"2021-06-08T08:52:05Z","private_gists":0,"total_private_repos":1,"owned_private_repos":1,"disk_usage":10237,"collaborators":0,"two_factor_authentication":false,"plan":{"name":"free","space":976562499,"collaborators":0,"private_repos":10000}}
[info] 
[info] +  Success! Logged into GitHub as alisadek 
[info] 
[debug] [2021-06-08T18:16:23.154Z] >>> [apiv2][query] GET https://api.github.com/repos/alisadek/insidealismind/actions/secrets/public-key type=owner
[debug] [2021-06-08T18:16:23.471Z] <<< [apiv2][status] GET https://api.github.com/repos/alisadek/insidealismind/actions/secrets/public-key 404
[debug] [2021-06-08T18:16:23.472Z] <<< [apiv2][body] GET https://api.github.com/repos/alisadek/insidealismind/actions/secrets/public-key {"message":"Not Found","documentation_url":"https://docs.github.com/rest/reference/actions#get-a-repository-public-key"}
